[  1769.654] 
X.Org X Server 1.21.1.11
X Protocol Version 11, Revision 0
[  1769.655] Current Operating System: Linux archlinux 6.7.6-arch1-2 #1 SMP PREEMPT_DYNAMIC Thu, 29 Feb 2024 19:08:51 +0000 x86_64
[  1769.655] Kernel command line: initrd=\intel-ucode.img initrd=\initramfs-linux.img root=PARTUUID=6b0c6862-f390-4b05-b213-20ecefd3ab3c zswap.enabled=0 rw rootfstype=ext4
[  1769.659]  
[  1769.660] Current version of pixman: 0.43.4
[  1769.660] 	Before reporting problems, check http://wiki.x.org
	to make sure that you have the latest version.
[  1769.660] Markers: (--) probed, (**) from config file, (==) default setting,
	(++) from command line, (!!) notice, (II) informational,
	(WW) warning, (EE) error, (NI) not implemented, (??) unknown.
[  1769.661] (==) Log file: "/home/bunny/.local/share/xorg/Xorg.0.log", Time: Sat Mar  2 00:44:18 2024
[  1769.702] (==) Using config directory: "/etc/X11/xorg.conf.d"
[  1769.703] (==) Using system config directory "/usr/share/X11/xorg.conf.d"
[  1769.724] (==) No Layout section.  Using the first Screen section.
[  1769.724] (==) No screen section available. Using defaults.
[  1769.724] (**) |-->Screen "Default Screen Section" (0)
[  1769.724] (**) |   |-->Monitor "<default monitor>"
[  1769.724] (==) No monitor specified for screen "Default Screen Section".
	Using a default monitor configuration.
[  1769.724] (==) Automatically adding devices
[  1769.724] (==) Automatically enabling devices
[  1769.724] (==) Automatically adding GPU devices
[  1769.724] (==) Automatically binding GPU devices
[  1769.724] (==) Max clients allowed: 256, resource mask: 0x1fffff
[  1769.724] (WW) The directory "/usr/share/fonts/misc" does not exist.
[  1769.724] 	Entry deleted from font path.
[  1769.724] (WW) `fonts.dir' not found (or not valid) in "/usr/share/fonts/TTF".
[  1769.724] 	Entry deleted from font path.
[  1769.724] 	(Run 'mkfontdir' on "/usr/share/fonts/TTF").
[  1769.724] (WW) The directory "/usr/share/fonts/OTF" does not exist.
[  1769.724] 	Entry deleted from font path.
[  1769.724] (WW) The directory "/usr/share/fonts/Type1" does not exist.
[  1769.724] 	Entry deleted from font path.
[  1769.724] (WW) The directory "/usr/share/fonts/100dpi" does not exist.
[  1769.724] 	Entry deleted from font path.
[  1769.724] (WW) The directory "/usr/share/fonts/75dpi" does not exist.
[  1769.724] 	Entry deleted from font path.
[  1769.724] (==) FontPath set to:
	
[  1769.724] (==) ModulePath set to "/usr/lib/xorg/modules"
[  1769.724] (II) The server relies on udev to provide the list of input devices.
	If no devices become available, reconfigure udev or disable AutoAddDevices.
[  1769.724] (II) Module ABI versions:
[  1769.724] 	X.Org ANSI C Emulation: 0.4
[  1769.724] 	X.Org Video Driver: 25.2
[  1769.724] 	X.Org XInput driver : 24.4
[  1769.724] 	X.Org Server Extension : 10.0
[  1769.725] (++) using VT number 1

[  1769.727] (II) systemd-logind: took control of session /org/freedesktop/login1/session/_31
[  1769.729] (II) xfree86: Adding drm device (/dev/dri/card0)
[  1769.729] (II) Platform probe for /sys/devices/pci0000:00/0000:00:01.0/0000:02:00.0/drm/card0
[  1769.729] (II) systemd-logind: got fd for /dev/dri/card0 226:0 fd 13 paused 0
[  1769.733] (--) PCI:*(2@0:0:0) 10de:2187:1028:1365 rev 161, Mem @ 0xa1000000/16777216, 0x4000000000/268435456, 0x4010000000/33554432, I/O @ 0x00004000/128, BIOS @ 0x????????/524288
[  1769.733] (WW) Open ACPI failed (/var/run/acpid.socket) (No such file or directory)
[  1769.733] (II) LoadModule: "glx"
[  1769.733] (II) Loading /usr/lib/xorg/modules/extensions/libglx.so
[  1769.735] (II) Module glx: vendor="X.Org Foundation"
[  1769.735] 	compiled for 1.21.1.11, module version = 1.0.0
[  1769.735] 	ABI class: X.Org Server Extension, version 10.0
[  1769.735] (==) Matched nouveau as autoconfigured driver 0
[  1769.735] (==) Matched nv as autoconfigured driver 1
[  1769.735] (==) Matched modesetting as autoconfigured driver 2
[  1769.735] (==) Matched fbdev as autoconfigured driver 3
[  1769.735] (==) Matched vesa as autoconfigured driver 4
[  1769.735] (==) Assigned the driver to the xf86ConfigLayout
[  1769.735] (II) LoadModule: "nouveau"
[  1769.736] (WW) Warning, couldn't open module nouveau
[  1769.736] (EE) Failed to load module "nouveau" (module does not exist, 0)
[  1769.736] (II) LoadModule: "nv"
[  1769.736] (WW) Warning, couldn't open module nv
[  1769.736] (EE) Failed to load module "nv" (module does not exist, 0)
[  1769.736] (II) LoadModule: "modesetting"
[  1769.736] (II) Loading /usr/lib/xorg/modules/drivers/modesetting_drv.so
[  1769.737] (II) Module modesetting: vendor="X.Org Foundation"
[  1769.737] 	compiled for 1.21.1.11, module version = 1.21.1
[  1769.737] 	Module class: X.Org Video Driver
[  1769.737] 	ABI class: X.Org Video Driver, version 25.2
[  1769.737] (II) LoadModule: "fbdev"
[  1769.737] (WW) Warning, couldn't open module fbdev
[  1769.737] (EE) Failed to load module "fbdev" (module does not exist, 0)
[  1769.737] (II) LoadModule: "vesa"
[  1769.737] (WW) Warning, couldn't open module vesa
[  1769.737] (EE) Failed to load module "vesa" (module does not exist, 0)
[  1769.737] (II) modesetting: Driver for Modesetting Kernel Drivers: kms
[  1769.737] (II) modeset(0): using drv /dev/dri/card0
[  1769.737] (WW) VGA arbiter: cannot open kernel arbiter, no multi-card support
[  1769.737] (II) modeset(0): Creating default Display subsection in Screen section
	"Default Screen Section" for depth/fbbpp 24/32
[  1769.737] (==) modeset(0): Depth 24, (==) framebuffer bpp 32
[  1769.737] (==) modeset(0): RGB weight 888
[  1769.737] (==) modeset(0): Default visual is TrueColor
[  1769.737] (II) Loading sub module "glamoregl"
[  1769.737] (II) LoadModule: "glamoregl"
[  1769.737] (II) Loading /usr/lib/xorg/modules/libglamoregl.so
[  1769.742] (II) Module glamoregl: vendor="X.Org Foundation"
[  1769.742] 	compiled for 1.21.1.11, module version = 1.0.1
[  1769.742] 	ABI class: X.Org ANSI C Emulation, version 0.4
[  1771.341] (II) modeset(0): glamor X acceleration enabled on NV168
[  1771.341] (II) modeset(0): glamor initialized
[  1771.341] (==) modeset(0): VariableRefresh: disabled
[  1771.341] (==) modeset(0): AsyncFlipSecondaries: disabled
[  1771.358] (II) modeset(0): Output DP-1 has no monitor section
[  1771.359] (II) modeset(0): Output HDMI-1 has no monitor section
[  1771.359] (II) modeset(0): Output DVI-D-1 has no monitor section
[  1771.376] (II) modeset(0): EDID for output DP-1
[  1771.376] (II) modeset(0): Manufacturer: DEL  Model: a16e  Serial#: 826625858
[  1771.376] (II) modeset(0): Year: 2021  Week: 45
[  1771.376] (II) modeset(0): EDID Version: 1.4
[  1771.376] (II) modeset(0): Digital Display Input
[  1771.376] (II) modeset(0): 8 bits per channel
[  1771.376] (II) modeset(0): Digital interface is DisplayPort
[  1771.376] (II) modeset(0): Max Image Size [cm]: horiz.: 53  vert.: 30
[  1771.376] (II) modeset(0): Gamma: 2.20
[  1771.376] (II) modeset(0): DPMS capabilities: Off
[  1771.376] (II) modeset(0): Supported color encodings: RGB 4:4:4 YCrCb 4:4:4 YCrCb 4:2:2
[  1771.376] (II) modeset(0): First detailed timing is preferred mode
[  1771.376] (II) modeset(0): Preferred mode is native pixel format and refresh rate
[  1771.376] (II) modeset(0): Display is continuous-frequency
[  1771.376] (II) modeset(0): redX: 0.653 redY: 0.335   greenX: 0.320 greenY: 0.627
[  1771.376] (II) modeset(0): blueX: 0.154 blueY: 0.065   whiteX: 0.313 whiteY: 0.329
[  1771.376] (II) modeset(0): Supported established timings:
[  1771.376] (II) modeset(0): 720x400@70Hz
[  1771.376] (II) modeset(0): 640x480@60Hz
[  1771.376] (II) modeset(0): 640x480@75Hz
[  1771.376] (II) modeset(0): 800x600@60Hz
[  1771.376] (II) modeset(0): 800x600@75Hz
[  1771.376] (II) modeset(0): 1024x768@60Hz
[  1771.376] (II) modeset(0): 1024x768@75Hz
[  1771.376] (II) modeset(0): 1280x1024@75Hz
[  1771.376] (II) modeset(0): Manufacturer's mask: 0
[  1771.376] (II) modeset(0): Supported standard timings:
[  1771.376] (II) modeset(0): #0: hsize: 1152  vsize 864  refresh: 75  vid: 20337
[  1771.376] (II) modeset(0): #1: hsize: 1280  vsize 1024  refresh: 60  vid: 32897
[  1771.376] (II) modeset(0): #2: hsize: 1600  vsize 900  refresh: 60  vid: 49321
[  1771.376] (II) modeset(0): #3: hsize: 1920  vsize 1080  refresh: 60  vid: 49361
[  1771.376] (II) modeset(0): Supported detailed timing:
[  1771.376] (II) modeset(0): clock: 148.5 MHz   Image Size:  527 x 296 mm
[  1771.376] (II) modeset(0): h_active: 1920  h_sync: 2008  h_sync_end 2052 h_blank_end 2200 h_border: 0
[  1771.376] (II) modeset(0): v_active: 1080  v_sync: 1084  v_sync_end 1089 v_blanking: 1125 v_border: 0
[  1771.376] (II) modeset(0): Serial No: CZH5B73
[  1771.376] (II) modeset(0): Monitor name: DELL S2421HGF
[  1771.376] (II) modeset(0): Ranges: V min: 48 V max: 144 Hz, H min: 170 H max: 170 kHz, PixClock max 345 MHz
[  1771.376] (II) modeset(0): Supported detailed timing:
[  1771.376] (II) modeset(0): clock: 285.5 MHz   Image Size:  527 x 296 mm
[  1771.376] (II) modeset(0): h_active: 1920  h_sync: 1968  h_sync_end 2000 h_blank_end 2080 h_border: 0
[  1771.376] (II) modeset(0): v_active: 1080  v_sync: 1083  v_sync_end 1088 v_blanking: 1144 v_border: 0
[  1771.376] (II) modeset(0): Supported detailed timing:
[  1771.376] (II) modeset(0): clock: 337.5 MHz   Image Size:  527 x 296 mm
[  1771.376] (II) modeset(0): h_active: 1920  h_sync: 1968  h_sync_end 2000 h_blank_end 2080 h_border: 0
[  1771.376] (II) modeset(0): v_active: 1080  v_sync: 1083  v_sync_end 1088 v_blanking: 1128 v_border: 0
[  1771.376] (II) modeset(0): Number of EDID sections to follow: 1
[  1771.376] (II) modeset(0): EDID (in hex):
[  1771.376] (II) modeset(0): 	00ffffffffffff0010ac6ea1424f4531
[  1771.376] (II) modeset(0): 	2d1f0104a5351e783b72b5a75552a027
[  1771.376] (II) modeset(0): 	105054a54b00714f8180a9c0d1c00101
[  1771.376] (II) modeset(0): 	010101010101023a801871382d40582c
[  1771.376] (II) modeset(0): 	45000f282100001e000000ff00435a48
[  1771.376] (II) modeset(0): 	354237330a2020202020000000fc0044
[  1771.376] (II) modeset(0): 	454c4c205332343231484746000000fd
[  1771.376] (II) modeset(0): 	003090aaaa22010a20202020202001d0
[  1771.376] (II) modeset(0): 	02032cf1519005040302071601141f12
[  1771.376] (II) modeset(0): 	130611153f4023090707830100006d1a
[  1771.376] (II) modeset(0): 	000002013090000000000000866f80a0
[  1771.376] (II) modeset(0): 	70384040302035000f282100001ad883
[  1771.376] (II) modeset(0): 	80a070383040302035000f282100001a
[  1771.376] (II) modeset(0): 	00000000000000000000000000000000
[  1771.376] (II) modeset(0): 	00000000000000000000000000000000
[  1771.376] (II) modeset(0): 	00000000000000000000000000000008
[  1771.376] (II) modeset(0): Printing probed modes for output DP-1
[  1771.376] (II) modeset(0): Modeline "1920x1080"x60.0  148.50  1920 2008 2052 2200  1080 1084 1089 1125 +hsync +vsync (67.5 kHz eP)
[  1771.376] (II) modeset(0): Modeline "1920x1080"x143.9  337.52  1920 1968 2000 2080  1080 1083 1088 1128 +hsync -vsync (162.3 kHz e)
[  1771.376] (II) modeset(0): Modeline "1920x1080"x120.0  297.00  1920 2008 2052 2200  1080 1084 1089 1125 +hsync +vsync (135.0 kHz e)
[  1771.376] (II) modeset(0): Modeline "1920x1080"x100.0  297.00  1920 2448 2492 2640  1080 1084 1089 1125 +hsync +vsync (112.5 kHz e)
[  1771.376] (II) modeset(0): Modeline "1920x1080"x119.9  296.70  1920 2008 2052 2200  1080 1084 1089 1125 +hsync +vsync (134.9 kHz e)
[  1771.376] (II) modeset(0): Modeline "1920x1080"x120.0  285.50  1920 1968 2000 2080  1080 1083 1088 1144 +hsync -vsync (137.3 kHz e)
[  1771.376] (II) modeset(0): Modeline "1920x1080"x60.0  266.50  1920 1944 1960 2000  1080 1081 1084 1111 doublescan +hsync -vsync (133.2 kHz d)
[  1771.376] (II) modeset(0): Modeline "1920x1080"x60.0  173.00  1920 2048 2248 2576  1080 1083 1088 1120 -hsync +vsync (67.2 kHz d)
[  1771.376] (II) modeset(0): Modeline "1920x1080"x50.0  148.50  1920 2448 2492 2640  1080 1084 1089 1125 +hsync +vsync (56.2 kHz e)
[  1771.376] (II) modeset(0): Modeline "1920x1080"x59.9  148.35  1920 2008 2052 2200  1080 1084 1089 1125 +hsync +vsync (67.4 kHz e)
[  1771.376] (II) modeset(0): Modeline "1920x1080"x59.9  138.50  1920 1968 2000 2080  1080 1083 1088 1111 +hsync -vsync (66.6 kHz d)
[  1771.376] (II) modeset(0): Modeline "1680x1050"x60.0  146.25  1680 1784 1960 2240  1050 1053 1059 1089 -hsync +vsync (65.3 kHz d)
[  1771.376] (II) modeset(0): Modeline "1680x1050"x59.9  119.00  1680 1728 1760 1840  1050 1053 1059 1080 +hsync -vsync (64.7 kHz d)
[  1771.376] (II) modeset(0): Modeline "1400x1050"x74.8  155.80  1400 1464 1784 1912  1050 1052 1064 1090 +hsync +vsync (81.5 kHz d)
[  1771.376] (II) modeset(0): Modeline "1400x1050"x60.0  122.00  1400 1488 1640 1880  1050 1052 1064 1082 +hsync +vsync (64.9 kHz d)
[  1771.376] (II) modeset(0): Modeline "1600x900"x60.0  246.00  1600 1728 1900 2200  900 901 904 932 doublescan -hsync +vsync (111.8 kHz d)
[  1771.376] (II) modeset(0): Modeline "1600x900"x59.9  186.50  1600 1624 1640 1680  900 901 904 926 doublescan +hsync -vsync (111.0 kHz d)
[  1771.376] (II) modeset(0): Modeline "1600x900"x59.9  118.25  1600 1696 1856 2112  900 903 908 934 -hsync +vsync (56.0 kHz d)
[  1771.376] (II) modeset(0): Modeline "1600x900"x60.0  108.00  1600 1624 1704 1800  900 901 904 1000 +hsync +vsync (60.0 kHz e)
[  1771.376] (II) modeset(0): Modeline "1600x900"x59.8   97.50  1600 1648 1680 1760  900 903 908 926 +hsync -vsync (55.4 kHz d)
[  1771.376] (II) modeset(0): Modeline "1280x1024"x85.0  157.50  1280 1344 1504 1728  1024 1025 1028 1072 +hsync +vsync (91.1 kHz d)
[  1771.376] (II) modeset(0): Modeline "1280x1024"x75.0  135.00  1280 1296 1440 1688  1024 1025 1028 1066 +hsync +vsync (80.0 kHz e)
[  1771.376] (II) modeset(0): Modeline "1280x1024"x60.0  108.00  1280 1328 1440 1688  1024 1025 1028 1066 +hsync +vsync (64.0 kHz e)
[  1771.376] (II) modeset(0): Modeline "1400x900"x60.0  103.50  1400 1480 1624 1848  900 903 913 934 -hsync +vsync (56.0 kHz d)
[  1771.376] (II) modeset(0): Modeline "1400x900"x59.9   86.50  1400 1448 1480 1560  900 903 913 926 +hsync -vsync (55.4 kHz d)
[  1771.376] (II) modeset(0): Modeline "1280x960"x85.0  148.50  1280 1344 1504 1728  960 961 964 1011 +hsync +vsync (85.9 kHz d)
[  1771.376] (II) modeset(0): Modeline "1280x960"x60.0  108.00  1280 1376 1488 1800  960 961 964 1000 +hsync +vsync (60.0 kHz d)
[  1771.376] (II) modeset(0): Modeline "1440x810"x60.0  198.12  1440 1548 1704 1968  810 811 814 839 doublescan -hsync +vsync (100.7 kHz d)
[  1771.376] (II) modeset(0): Modeline "1440x810"x60.0  151.88  1440 1464 1480 1520  810 811 814 833 doublescan +hsync -vsync (99.9 kHz d)
[  1771.376] (II) modeset(0): Modeline "1368x768"x59.9   85.25  1368 1440 1576 1784  768 771 781 798 -hsync +vsync (47.8 kHz d)
[  1771.376] (II) modeset(0): Modeline "1368x768"x59.9   72.25  1368 1416 1448 1528  768 771 781 790 +hsync -vsync (47.3 kHz d)
[  1771.376] (II) modeset(0): Modeline "1280x800"x60.0  174.25  1280 1380 1516 1752  800 801 804 829 doublescan -hsync +vsync (99.5 kHz d)
[  1771.376] (II) modeset(0): Modeline "1280x800"x60.0  134.25  1280 1304 1320 1360  800 801 804 823 doublescan +hsync -vsync (98.7 kHz d)
[  1771.376] (II) modeset(0): Modeline "1280x800"x59.8   83.50  1280 1352 1480 1680  800 803 809 831 -hsync +vsync (49.7 kHz d)
[  1771.376] (II) modeset(0): Modeline "1280x800"x59.9   71.00  1280 1328 1360 1440  800 803 809 823 +hsync -vsync (49.3 kHz d)
[  1771.376] (II) modeset(0): Modeline "1152x864"x75.0  108.00  1152 1216 1344 1600  864 865 868 900 +hsync +vsync (67.5 kHz e)
[  1771.376] (II) modeset(0): Modeline "1280x720"x60.0  156.12  1280 1376 1512 1744  720 721 724 746 doublescan -hsync +vsync (89.5 kHz d)
[  1771.376] (II) modeset(0): Modeline "1280x720"x60.0  120.75  1280 1304 1320 1360  720 721 724 740 doublescan +hsync -vsync (88.8 kHz d)
[  1771.376] (II) modeset(0): Modeline "1280x720"x59.9   74.50  1280 1344 1472 1664  720 723 728 748 -hsync +vsync (44.8 kHz d)
[  1771.376] (II) modeset(0): Modeline "1280x720"x60.0   74.25  1280 1390 1430 1650  720 725 730 750 +hsync +vsync (45.0 kHz e)
[  1771.376] (II) modeset(0): Modeline "1280x720"x50.0   74.25  1280 1720 1760 1980  720 725 730 750 +hsync +vsync (37.5 kHz e)
[  1771.376] (II) modeset(0): Modeline "1280x720"x59.9   74.18  1280 1390 1430 1650  720 725 730 750 +hsync +vsync (45.0 kHz e)
[  1771.376] (II) modeset(0): Modeline "1280x720"x59.7   63.75  1280 1328 1360 1440  720 723 728 741 +hsync -vsync (44.3 kHz d)
[  1771.376] (II) modeset(0): Modeline "1024x768"x85.0  194.02  1024 1108 1220 1416  768 768 770 806 doublescan -hsync +vsync (137.0 kHz d)
[  1771.376] (II) modeset(0): Modeline "1024x768"x75.0  170.24  1024 1108 1220 1416  768 768 770 801 doublescan -hsync +vsync (120.2 kHz d)
[  1771.376] (II) modeset(0): Modeline "1024x768"x60.0  133.47  1024 1100 1212 1400  768 768 770 794 doublescan -hsync +vsync (95.3 kHz d)
[  1771.376] (II) modeset(0): Modeline "1024x768"x85.0   94.50  1024 1072 1168 1376  768 769 772 808 +hsync +vsync (68.7 kHz d)
[  1771.376] (II) modeset(0): Modeline "1024x768"x75.0   78.75  1024 1040 1136 1312  768 769 772 800 +hsync +vsync (60.0 kHz e)
[  1771.376] (II) modeset(0): Modeline "1024x768"x70.1   75.00  1024 1048 1184 1328  768 771 777 806 -hsync -vsync (56.5 kHz d)
[  1771.376] (II) modeset(0): Modeline "1024x768"x60.0   65.00  1024 1048 1184 1344  768 771 777 806 -hsync -vsync (48.4 kHz e)
[  1771.376] (II) modeset(0): Modeline "1024x768i"x87.0   44.90  1024 1032 1208 1264  768 768 776 817 interlace +hsync +vsync (35.5 kHz d)
[  1771.376] (II) modeset(0): Modeline "960x720"x85.0  170.68  960 1036 1144 1328  720 720 722 756 doublescan -hsync +vsync (128.5 kHz d)
[  1771.376] (II) modeset(0): Modeline "960x720"x75.0  148.50  960 1032 1144 1320  720 720 722 750 doublescan -hsync +vsync (112.5 kHz d)
[  1771.376] (II) modeset(0): Modeline "960x720"x60.0  117.00  960 1024 1128 1300  720 720 722 750 doublescan -hsync +vsync (90.0 kHz d)
[  1771.376] (II) modeset(0): Modeline "928x696"x75.0  144.00  928 992 1104 1280  696 696 698 750 doublescan -hsync +vsync (112.5 kHz d)
[  1771.376] (II) modeset(0): Modeline "928x696"x60.1  109.15  928 976 1088 1264  696 696 698 719 doublescan -hsync +vsync (86.4 kHz d)
[  1771.376] (II) modeset(0): Modeline "896x672"x75.0  130.50  896 944 1052 1228  672 672 674 708 doublescan -hsync +vsync (106.3 kHz d)
[  1771.376] (II) modeset(0): Modeline "896x672"x60.0  102.40  896 960 1060 1224  672 672 674 697 doublescan -hsync +vsync (83.7 kHz d)
[  1771.376] (II) modeset(0): Modeline "1024x576"x60.0   98.50  1024 1092 1200 1376  576 577 580 597 doublescan -hsync +vsync (71.6 kHz d)
[  1771.376] (II) modeset(0): Modeline "1024x576"x60.0   78.38  1024 1048 1064 1104  576 577 580 592 doublescan +hsync -vsync (71.0 kHz d)
[  1771.376] (II) modeset(0): Modeline "1024x576"x59.9   46.50  1024 1064 1160 1296  576 579 584 599 -hsync +vsync (35.9 kHz d)
[  1771.376] (II) modeset(0): Modeline "1024x576"x59.8   42.00  1024 1072 1104 1184  576 579 584 593 +hsync -vsync (35.5 kHz d)
[  1771.376] (II) modeset(0): Modeline "960x600"x59.9   96.62  960 1028 1128 1296  600 601 604 622 doublescan -hsync +vsync (74.6 kHz d)
[  1771.376] (II) modeset(0): Modeline "960x600"x60.0   77.00  960 984 1000 1040  600 601 604 617 doublescan +hsync -vsync (74.0 kHz d)
[  1771.376] (II) modeset(0): Modeline "832x624"x74.6   57.28  832 864 928 1152  624 625 628 667 -hsync -vsync (49.7 kHz d)
[  1771.376] (II) modeset(0): Modeline "960x540"x60.0   86.50  960 1024 1124 1288  540 541 544 560 doublescan -hsync +vsync (67.2 kHz d)
[  1771.376] (II) modeset(0): Modeline "960x540"x60.0   69.25  960 984 1000 1040  540 541 544 555 doublescan +hsync -vsync (66.6 kHz d)
[  1771.376] (II) modeset(0): Modeline "960x540"x59.6   40.75  960 992 1088 1216  540 543 548 562 -hsync +vsync (33.5 kHz d)
[  1771.376] (II) modeset(0): Modeline "960x540"x59.8   37.25  960 1008 1040 1120  540 543 548 556 +hsync -vsync (33.3 kHz d)
[  1771.376] (II) modeset(0): Modeline "800x600"x85.0  114.75  800 832 928 1080  600 600 602 625 doublescan +hsync +vsync (106.2 kHz d)
[  1771.376] (II) modeset(0): Modeline "800x600"x75.0  101.25  800 832 928 1080  600 600 602 625 doublescan +hsync +vsync (93.8 kHz d)
[  1771.376] (II) modeset(0): Modeline "800x600"x70.0   94.50  800 832 928 1080  600 600 602 625 doublescan +hsync +vsync (87.5 kHz d)
[  1771.376] (II) modeset(0): Modeline "800x600"x65.0   87.75  800 832 928 1080  600 600 602 625 doublescan +hsync +vsync (81.2 kHz d)
[  1771.376] (II) modeset(0): Modeline "800x600"x60.0   81.00  800 832 928 1080  600 600 602 625 doublescan +hsync +vsync (75.0 kHz d)
[  1771.376] (II) modeset(0): Modeline "800x600"x85.1   56.30  800 832 896 1048  600 601 604 631 +hsync +vsync (53.7 kHz d)
[  1771.376] (II) modeset(0): Modeline "800x600"x72.2   50.00  800 856 976 1040  600 637 643 666 +hsync +vsync (48.1 kHz d)
[  1771.376] (II) modeset(0): Modeline "800x600"x75.0   49.50  800 816 896 1056  600 601 604 625 +hsync +vsync (46.9 kHz e)
[  1771.376] (II) modeset(0): Modeline "800x600"x60.3   40.00  800 840 968 1056  600 601 605 628 +hsync +vsync (37.9 kHz e)
[  1771.376] (II) modeset(0): Modeline "800x600"x56.2   36.00  800 824 896 1024  600 601 603 625 +hsync +vsync (35.2 kHz d)
[  1771.376] (II) modeset(0): Modeline "840x525"x60.0   73.12  840 892 980 1120  525 526 529 544 doublescan -hsync +vsync (65.3 kHz d)
[  1771.376] (II) modeset(0): Modeline "840x525"x59.9   59.50  840 864 880 920  525 526 529 540 doublescan +hsync -vsync (64.7 kHz d)
[  1771.376] (II) modeset(0): Modeline "864x486"x59.9   32.50  864 888 968 1072  486 489 494 506 -hsync +vsync (30.3 kHz d)
[  1771.376] (II) modeset(0): Modeline "864x486"x59.6   30.50  864 912 944 1024  486 489 494 500 +hsync -vsync (29.8 kHz d)
[  1771.376] (II) modeset(0): Modeline "720x576"x50.0   27.00  720 732 796 864  576 581 586 625 -hsync -vsync (31.2 kHz e)
[  1771.376] (II) modeset(0): Modeline "700x525"x74.8   77.90  700 732 892 956  525 526 532 545 doublescan +hsync +vsync (81.5 kHz d)
[  1771.376] (II) modeset(0): Modeline "700x525"x60.0   61.00  700 744 820 940  525 526 532 541 doublescan +hsync +vsync (64.9 kHz d)
[  1771.376] (II) modeset(0): Modeline "800x450"x59.9   59.12  800 848 928 1056  450 451 454 467 doublescan -hsync +vsync (56.0 kHz d)
[  1771.376] (II) modeset(0): Modeline "800x450"x59.8   48.75  800 824 840 880  450 451 454 463 doublescan +hsync -vsync (55.4 kHz d)
[  1771.376] (II) modeset(0): Modeline "720x480"x60.0   27.03  720 736 798 858  480 489 495 525 -hsync -vsync (31.5 kHz e)
[  1771.376] (II) modeset(0): Modeline "720x480"x59.9   27.00  720 736 798 858  480 489 495 525 -hsync -vsync (31.5 kHz e)
[  1771.376] (II) modeset(0): Modeline "640x512"x85.0   78.75  640 672 752 864  512 512 514 536 doublescan +hsync +vsync (91.1 kHz d)
[  1771.376] (II) modeset(0): Modeline "640x512"x75.0   67.50  640 648 720 844  512 512 514 533 doublescan +hsync +vsync (80.0 kHz d)
[  1771.376] (II) modeset(0): Modeline "640x512"x60.0   54.00  640 664 720 844  512 512 514 533 doublescan +hsync +vsync (64.0 kHz d)
[  1771.376] (II) modeset(0): Modeline "700x450"x60.0   51.75  700 740 812 924  450 451 456 467 doublescan -hsync +vsync (56.0 kHz d)
[  1771.376] (II) modeset(0): Modeline "700x450"x59.9   43.25  700 724 740 780  450 451 456 463 doublescan +hsync -vsync (55.4 kHz d)
[  1771.376] (II) modeset(0): Modeline "640x480"x85.1   74.25  640 672 752 864  480 480 482 505 doublescan +hsync +vsync (85.9 kHz d)
[  1771.376] (II) modeset(0): Modeline "640x480"x60.0   54.00  640 688 744 900  480 480 482 500 doublescan +hsync +vsync (60.0 kHz d)
[  1771.376] (II) modeset(0): Modeline "640x480"x85.0   36.00  640 696 752 832  480 481 484 509 -hsync -vsync (43.3 kHz d)
[  1771.376] (II) modeset(0): Modeline "640x480"x75.0   31.50  640 656 720 840  480 481 484 500 -hsync -vsync (37.5 kHz e)
[  1771.376] (II) modeset(0): Modeline "640x480"x72.8   31.50  640 664 704 832  480 489 492 520 -hsync -vsync (37.9 kHz d)
[  1771.376] (II) modeset(0): Modeline "640x480"x75.0   31.50  640 656 720 840  480 481 484 500 -hsync -vsync (37.5 kHz d)
[  1771.376] (II) modeset(0): Modeline "640x480"x60.0   25.20  640 656 752 800  480 490 492 525 -hsync -vsync (31.5 kHz e)
[  1771.376] (II) modeset(0): Modeline "640x480"x59.9   25.18  640 656 752 800  480 490 492 525 -hsync -vsync (31.5 kHz e)
[  1771.376] (II) modeset(0): Modeline "720x405"x59.5   22.50  720 744 808 896  405 408 413 422 -hsync +vsync (25.1 kHz d)
[  1771.376] (II) modeset(0): Modeline "720x405"x59.0   21.75  720 768 800 880  405 408 413 419 +hsync -vsync (24.7 kHz d)
[  1771.376] (II) modeset(0): Modeline "720x400"x85.0   35.50  720 756 828 936  400 401 404 446 -hsync +vsync (37.9 kHz d)
[  1771.376] (II) modeset(0): Modeline "720x400"x70.1   28.32  720 738 846 900  400 412 414 449 -hsync +vsync (31.5 kHz e)
[  1771.376] (II) modeset(0): Modeline "684x384"x59.9   42.62  684 720 788 892  384 385 390 399 doublescan -hsync +vsync (47.8 kHz d)
[  1771.376] (II) modeset(0): Modeline "684x384"x59.9   36.12  684 708 724 764  384 385 390 395 doublescan +hsync -vsync (47.3 kHz d)
[  1771.376] (II) modeset(0): Modeline "640x400"x59.9   41.75  640 676 740 840  400 401 404 415 doublescan -hsync +vsync (49.7 kHz d)
[  1771.376] (II) modeset(0): Modeline "640x400"x60.0   35.50  640 664 680 720  400 401 404 411 doublescan +hsync -vsync (49.3 kHz d)
[  1771.376] (II) modeset(0): Modeline "640x400"x85.1   31.50  640 672 736 832  400 401 404 445 -hsync +vsync (37.9 kHz d)
[  1771.376] (II) modeset(0): Modeline "576x432"x75.0   54.00  576 608 672 800  432 432 434 450 doublescan +hsync +vsync (67.5 kHz d)
[  1771.376] (II) modeset(0): Modeline "640x360"x59.9   37.25  640 672 736 832  360 361 364 374 doublescan -hsync +vsync (44.8 kHz d)
[  1771.376] (II) modeset(0): Modeline "640x360"x59.8   31.88  640 664 680 720  360 361 364 370 doublescan +hsync -vsync (44.3 kHz d)
[  1771.376] (II) modeset(0): Modeline "640x360"x59.8   18.00  640 664 720 800  360 363 368 376 -hsync +vsync (22.5 kHz d)
[  1771.376] (II) modeset(0): Modeline "640x360"x59.3   17.75  640 688 720 800  360 363 368 374 +hsync -vsync (22.2 kHz d)
[  1771.376] (II) modeset(0): Modeline "640x350"x85.1   31.50  640 672 736 832  350 382 385 445 +hsync -vsync (37.9 kHz d)
[  1771.376] (II) modeset(0): Modeline "512x384"x85.0   47.25  512 536 584 688  384 384 386 404 doublescan +hsync +vsync (68.7 kHz d)
[  1771.376] (II) modeset(0): Modeline "512x384"x75.0   39.38  512 520 568 656  384 384 386 400 doublescan +hsync +vsync (60.0 kHz d)
[  1771.376] (II) modeset(0): Modeline "512x384"x70.1   37.50  512 524 592 664  384 385 388 403 doublescan -hsync -vsync (56.5 kHz d)
[  1771.376] (II) modeset(0): Modeline "512x384"x60.0   32.50  512 524 592 672  384 385 388 403 doublescan -hsync -vsync (48.4 kHz d)
[  1771.376] (II) modeset(0): Modeline "512x384i"x87.1   22.45  512 516 604 632  384 384 388 408 interlace doublescan +hsync +vsync (35.5 kHz d)
[  1771.376] (II) modeset(0): Modeline "512x288"x60.0   23.25  512 532 580 648  288 289 292 299 doublescan -hsync +vsync (35.9 kHz d)
[  1771.376] (II) modeset(0): Modeline "512x288"x59.9   21.00  512 536 552 592  288 289 292 296 doublescan +hsync -vsync (35.5 kHz d)
[  1771.376] (II) modeset(0): Modeline "416x312"x74.7   28.64  416 432 464 576  312 312 314 333 doublescan -hsync -vsync (49.7 kHz d)
[  1771.376] (II) modeset(0): Modeline "480x270"x59.6   20.38  480 496 544 608  270 271 274 281 doublescan -hsync +vsync (33.5 kHz d)
[  1771.376] (II) modeset(0): Modeline "480x270"x59.8   18.62  480 504 520 560  270 271 274 278 doublescan +hsync -vsync (33.3 kHz d)
[  1771.376] (II) modeset(0): Modeline "400x300"x85.3   28.15  400 416 448 524  300 300 302 315 doublescan +hsync +vsync (53.7 kHz d)
[  1771.376] (II) modeset(0): Modeline "400x300"x72.2   25.00  400 428 488 520  300 318 321 333 doublescan +hsync +vsync (48.1 kHz d)
[  1771.376] (II) modeset(0): Modeline "400x300"x75.1   24.75  400 408 448 528  300 300 302 312 doublescan +hsync +vsync (46.9 kHz d)
[  1771.376] (II) modeset(0): Modeline "400x300"x60.3   20.00  400 420 484 528  300 300 302 314 doublescan +hsync +vsync (37.9 kHz d)
[  1771.376] (II) modeset(0): Modeline "400x300"x56.3   18.00  400 412 448 512  300 300 301 312 doublescan +hsync +vsync (35.2 kHz d)
[  1771.376] (II) modeset(0): Modeline "432x243"x59.9   16.25  432 444 484 536  243 244 247 253 doublescan -hsync +vsync (30.3 kHz d)
[  1771.376] (II) modeset(0): Modeline "432x243"x59.6   15.25  432 456 472 512  243 244 247 250 doublescan +hsync -vsync (29.8 kHz d)
[  1771.376] (II) modeset(0): Modeline "320x240"x85.2   18.00  320 348 376 416  240 240 242 254 doublescan -hsync -vsync (43.3 kHz d)
[  1771.376] (II) modeset(0): Modeline "320x240"x72.8   15.75  320 332 352 416  240 244 246 260 doublescan -hsync -vsync (37.9 kHz d)
[  1771.376] (II) modeset(0): Modeline "320x240"x75.0   15.75  320 328 360 420  240 240 242 250 doublescan -hsync -vsync (37.5 kHz d)
[  1771.376] (II) modeset(0): Modeline "320x240"x60.1   12.59  320 328 376 400  240 245 246 262 doublescan -hsync -vsync (31.5 kHz d)
[  1771.376] (II) modeset(0): Modeline "360x202"x59.5   11.25  360 372 404 448  202 204 206 211 doublescan -hsync +vsync (25.1 kHz d)
[  1771.376] (II) modeset(0): Modeline "360x202"x59.1   10.88  360 384 400 440  202 204 206 209 doublescan +hsync -vsync (24.7 kHz d)
[  1771.376] (II) modeset(0): Modeline "360x200"x85.0   17.75  360 378 414 468  200 200 202 223 doublescan -hsync +vsync (37.9 kHz d)
[  1771.376] (II) modeset(0): Modeline "320x200"x85.3   15.75  320 336 368 416  200 200 202 222 doublescan -hsync +vsync (37.9 kHz d)
[  1771.376] (II) modeset(0): Modeline "320x180"x59.8    9.00  320 332 360 400  180 181 184 188 doublescan -hsync +vsync (22.5 kHz d)
[  1771.376] (II) modeset(0): Modeline "320x180"x59.3    8.88  320 344 360 400  180 181 184 187 doublescan +hsync -vsync (22.2 kHz d)
[  1771.376] (II) modeset(0): Modeline "320x175"x85.3   15.75  320 336 368 416  175 191 192 222 doublescan +hsync -vsync (37.9 kHz d)
[  1771.376] (II) modeset(0): EDID for output HDMI-1
[  1771.376] (II) modeset(0): EDID for output DVI-D-1
[  1771.376] (II) modeset(0): Output DP-1 connected
[  1771.376] (II) modeset(0): Output HDMI-1 disconnected
[  1771.376] (II) modeset(0): Output DVI-D-1 disconnected
[  1771.376] (II) modeset(0): Using exact sizes for initial modes
[  1771.376] (II) modeset(0): Output DP-1 using initial mode 1920x1080 +0+0
[  1771.376] (==) modeset(0): Using gamma correction (1.0, 1.0, 1.0)
[  1771.376] (==) modeset(0): DPI set to (96, 96)
[  1771.376] (II) Loading sub module "fb"
[  1771.376] (II) LoadModule: "fb"
[  1771.376] (II) Module "fb" already built-in
[  1771.591] (==) modeset(0): Backing store enabled
[  1771.591] (==) modeset(0): Silken mouse enabled
[  1771.613] (II) modeset(0): Initializing kms color map for depth 24, 8 bpc.
[  1771.613] (==) modeset(0): DPMS enabled
[  1771.613] (II) modeset(0): [DRI2] Setup complete
[  1771.613] (II) modeset(0): [DRI2]   DRI driver: nouveau
[  1771.613] (II) modeset(0): [DRI2]   VDPAU driver: nouveau
[  1771.613] (II) Initializing extension Generic Event Extension
[  1771.613] (II) Initializing extension SHAPE
[  1771.613] (II) Initializing extension MIT-SHM
[  1771.613] (II) Initializing extension XInputExtension
[  1771.613] (II) Initializing extension XTEST
[  1771.614] (II) Initializing extension BIG-REQUESTS
[  1771.614] (II) Initializing extension SYNC
[  1771.614] (II) Initializing extension XKEYBOARD
[  1771.614] (II) Initializing extension XC-MISC
[  1771.614] (II) Initializing extension SECURITY
[  1771.614] (II) Initializing extension XFIXES
[  1771.614] (II) Initializing extension RENDER
[  1771.614] (II) Initializing extension RANDR
[  1771.614] (II) Initializing extension COMPOSITE
[  1771.614] (II) Initializing extension DAMAGE
[  1771.614] (II) Initializing extension MIT-SCREEN-SAVER
[  1771.614] (II) Initializing extension DOUBLE-BUFFER
[  1771.614] (II) Initializing extension RECORD
[  1771.614] (II) Initializing extension DPMS
[  1771.614] (II) Initializing extension Present
[  1771.614] (II) Initializing extension DRI3
[  1771.614] (II) Initializing extension X-Resource
[  1771.614] (II) Initializing extension XVideo
[  1771.614] (II) Initializing extension XVideo-MotionCompensation
[  1771.614] (II) Initializing extension GLX
[  1771.617] (II) AIGLX: Loaded and initialized nouveau
[  1771.617] (II) GLX: Initialized DRI2 GL provider for screen 0
[  1771.617] (II) Initializing extension XFree86-VidModeExtension
[  1771.617] (II) Initializing extension XFree86-DGA
[  1771.617] (II) Initializing extension XFree86-DRI
[  1771.617] (II) Initializing extension DRI2
[  1771.617] (II) modeset(0): Damage tracking initialized
[  1771.617] (II) modeset(0): Setting screen physical size to 508 x 285
[  1771.755] (II) config/udev: Adding input device Power Button (/dev/input/event2)
[  1771.755] (**) Power Button: Applying InputClass "libinput keyboard catchall"
[  1771.755] (**) Power Button: Applying InputClass "system-keyboard"
[  1771.755] (II) LoadModule: "libinput"
[  1771.755] (II) Loading /usr/lib/xorg/modules/input/libinput_drv.so
[  1771.756] (II) Module libinput: vendor="X.Org Foundation"
[  1771.756] 	compiled for 1.21.1.8, module version = 1.4.0
[  1771.756] 	Module class: X.Org XInput Driver
[  1771.756] 	ABI class: X.Org XInput driver, version 24.4
[  1771.756] (II) Using input driver 'libinput' for 'Power Button'
[  1771.756] (II) systemd-logind: got fd for /dev/input/event2 13:66 fd 25 paused 0
[  1771.756] (**) Power Button: always reports core events
[  1771.756] (**) Option "Device" "/dev/input/event2"
[  1771.757] (II) event2  - Power Button: is tagged by udev as: Keyboard
[  1771.757] (II) event2  - Power Button: device is a keyboard
[  1771.757] (II) event2  - Power Button: device removed
[  1771.757] (**) Option "config_info" "udev:/sys/devices/LNXSYSTM:00/LNXPWRBN:00/input/input2/event2"
[  1771.757] (II) XINPUT: Adding extended input device "Power Button" (type: KEYBOARD, id 6)
[  1771.757] (**) Option "xkb_model" "pc105+inet"
[  1771.757] (**) Option "xkb_layout" "us"
[  1771.757] (**) Option "xkb_options" "terminate:ctrl_alt_bksp"
[  1771.767] (II) event2  - Power Button: is tagged by udev as: Keyboard
[  1771.768] (II) event2  - Power Button: device is a keyboard
[  1771.768] (II) config/udev: Adding input device Power Button (/dev/input/event1)
[  1771.768] (**) Power Button: Applying InputClass "libinput keyboard catchall"
[  1771.768] (**) Power Button: Applying InputClass "system-keyboard"
[  1771.768] (II) Using input driver 'libinput' for 'Power Button'
[  1771.768] (II) systemd-logind: got fd for /dev/input/event1 13:65 fd 28 paused 0
[  1771.768] (**) Power Button: always reports core events
[  1771.768] (**) Option "Device" "/dev/input/event1"
[  1771.769] (II) event1  - Power Button: is tagged by udev as: Keyboard
[  1771.769] (II) event1  - Power Button: device is a keyboard
[  1771.769] (II) event1  - Power Button: device removed
[  1771.769] (**) Option "config_info" "udev:/sys/devices/LNXSYSTM:00/LNXSYBUS:00/PNP0C0C:00/input/input1/event1"
[  1771.769] (II) XINPUT: Adding extended input device "Power Button" (type: KEYBOARD, id 7)
[  1771.769] (**) Option "xkb_model" "pc105+inet"
[  1771.769] (**) Option "xkb_layout" "us"
[  1771.769] (**) Option "xkb_options" "terminate:ctrl_alt_bksp"
[  1771.769] (II) event1  - Power Button: is tagged by udev as: Keyboard
[  1771.770] (II) event1  - Power Button: device is a keyboard
[  1771.770] (II) config/udev: Adding input device Sleep Button (/dev/input/event0)
[  1771.770] (**) Sleep Button: Applying InputClass "libinput keyboard catchall"
[  1771.770] (**) Sleep Button: Applying InputClass "system-keyboard"
[  1771.770] (II) Using input driver 'libinput' for 'Sleep Button'
[  1771.770] (II) systemd-logind: got fd for /dev/input/event0 13:64 fd 29 paused 0
[  1771.770] (**) Sleep Button: always reports core events
[  1771.770] (**) Option "Device" "/dev/input/event0"
[  1771.771] (II) event0  - Sleep Button: is tagged by udev as: Keyboard
[  1771.771] (II) event0  - Sleep Button: device is a keyboard
[  1771.771] (II) event0  - Sleep Button: device removed
[  1771.771] (**) Option "config_info" "udev:/sys/devices/LNXSYSTM:00/LNXSYBUS:00/PNP0C0E:00/input/input0/event0"
[  1771.771] (II) XINPUT: Adding extended input device "Sleep Button" (type: KEYBOARD, id 8)
[  1771.771] (**) Option "xkb_model" "pc105+inet"
[  1771.771] (**) Option "xkb_layout" "us"
[  1771.771] (**) Option "xkb_options" "terminate:ctrl_alt_bksp"
[  1771.771] (II) event0  - Sleep Button: is tagged by udev as: Keyboard
[  1771.771] (II) event0  - Sleep Button: device is a keyboard
[  1771.772] (II) config/udev: Adding input device HDA NVidia HDMI/DP,pcm=3 (/dev/input/event5)
[  1771.772] (II) No input driver specified, ignoring this device.
[  1771.772] (II) This device may have been added with another device file.
[  1771.772] (II) config/udev: Adding input device HDA NVidia HDMI/DP,pcm=7 (/dev/input/event6)
[  1771.772] (II) No input driver specified, ignoring this device.
[  1771.772] (II) This device may have been added with another device file.
[  1771.772] (II) config/udev: Adding input device HDA NVidia HDMI/DP,pcm=8 (/dev/input/event7)
[  1771.772] (II) No input driver specified, ignoring this device.
[  1771.772] (II) This device may have been added with another device file.
[  1771.772] (II) config/udev: Adding input device HDA NVidia HDMI/DP,pcm=9 (/dev/input/event8)
[  1771.772] (II) No input driver specified, ignoring this device.
[  1771.772] (II) This device may have been added with another device file.
[  1771.773] (II) config/udev: Adding input device SteelSeries SteelSeries Apex 7 TKL (/dev/input/event17)
[  1771.773] (**) SteelSeries SteelSeries Apex 7 TKL: Applying InputClass "libinput keyboard catchall"
[  1771.773] (**) SteelSeries SteelSeries Apex 7 TKL: Applying InputClass "system-keyboard"
[  1771.773] (II) Using input driver 'libinput' for 'SteelSeries SteelSeries Apex 7 TKL'
[  1771.773] (II) systemd-logind: got fd for /dev/input/event17 13:81 fd 30 paused 0
[  1771.773] (**) SteelSeries SteelSeries Apex 7 TKL: always reports core events
[  1771.773] (**) Option "Device" "/dev/input/event17"
[  1771.774] (II) event17 - SteelSeries SteelSeries Apex 7 TKL: is tagged by udev as: Keyboard
[  1771.774] (II) event17 - SteelSeries SteelSeries Apex 7 TKL: device is a keyboard
[  1771.774] (II) event17 - SteelSeries SteelSeries Apex 7 TKL: device removed
[  1771.774] (**) Option "config_info" "udev:/sys/devices/pci0000:00/0000:00:14.0/usb1/1-7/1-7:1.0/0003:1038:1618.0001/input/input17/event17"
[  1771.774] (II) XINPUT: Adding extended input device "SteelSeries SteelSeries Apex 7 TKL" (type: KEYBOARD, id 9)
[  1771.774] (**) Option "xkb_model" "pc105+inet"
[  1771.774] (**) Option "xkb_layout" "us"
[  1771.774] (**) Option "xkb_options" "terminate:ctrl_alt_bksp"
[  1771.775] (II) event17 - SteelSeries SteelSeries Apex 7 TKL: is tagged by udev as: Keyboard
[  1771.775] (II) event17 - SteelSeries SteelSeries Apex 7 TKL: device is a keyboard
[  1771.775] (II) config/udev: Adding input device SteelSeries SteelSeries Apex 7 TKL (/dev/input/event18)
[  1771.775] (**) SteelSeries SteelSeries Apex 7 TKL: Applying InputClass "libinput keyboard catchall"
[  1771.775] (**) SteelSeries SteelSeries Apex 7 TKL: Applying InputClass "system-keyboard"
[  1771.775] (II) Using input driver 'libinput' for 'SteelSeries SteelSeries Apex 7 TKL'
[  1771.775] (II) systemd-logind: got fd for /dev/input/event18 13:82 fd 31 paused 0
[  1771.775] (**) SteelSeries SteelSeries Apex 7 TKL: always reports core events
[  1771.775] (**) Option "Device" "/dev/input/event18"
[  1771.776] (II) event18 - SteelSeries SteelSeries Apex 7 TKL: is tagged by udev as: Keyboard
[  1771.776] (II) event18 - SteelSeries SteelSeries Apex 7 TKL: device is a keyboard
[  1771.776] (II) event18 - SteelSeries SteelSeries Apex 7 TKL: device removed
[  1771.776] (**) Option "config_info" "udev:/sys/devices/pci0000:00/0000:00:14.0/usb1/1-7/1-7:1.2/0003:1038:1618.0003/input/input18/event18"
[  1771.776] (II) XINPUT: Adding extended input device "SteelSeries SteelSeries Apex 7 TKL" (type: KEYBOARD, id 10)
[  1771.776] (**) Option "xkb_model" "pc105+inet"
[  1771.776] (**) Option "xkb_layout" "us"
[  1771.776] (**) Option "xkb_options" "terminate:ctrl_alt_bksp"
[  1771.777] (II) event18 - SteelSeries SteelSeries Apex 7 TKL: is tagged by udev as: Keyboard
[  1771.777] (II) event18 - SteelSeries SteelSeries Apex 7 TKL: device is a keyboard
[  1771.777] (II) config/udev: Adding input device SteelSeries SteelSeries Apex 7 TKL Consumer Control (/dev/input/event19)
[  1771.777] (**) SteelSeries SteelSeries Apex 7 TKL Consumer Control: Applying InputClass "libinput keyboard catchall"
[  1771.777] (**) SteelSeries SteelSeries Apex 7 TKL Consumer Control: Applying InputClass "system-keyboard"
[  1771.777] (II) Using input driver 'libinput' for 'SteelSeries SteelSeries Apex 7 TKL Consumer Control'
[  1771.777] (II) systemd-logind: got fd for /dev/input/event19 13:83 fd 32 paused 0
[  1771.777] (**) SteelSeries SteelSeries Apex 7 TKL Consumer Control: always reports core events
[  1771.777] (**) Option "Device" "/dev/input/event19"
[  1771.778] (II) event19 - SteelSeries SteelSeries Apex 7 TKL Consumer Control: is tagged by udev as: Keyboard
[  1771.778] (II) event19 - SteelSeries SteelSeries Apex 7 TKL Consumer Control: device is a keyboard
[  1771.778] (II) event19 - SteelSeries SteelSeries Apex 7 TKL Consumer Control: device removed
[  1771.778] (II) libinput: SteelSeries SteelSeries Apex 7 TKL Consumer Control: needs a virtual subdevice
[  1771.778] (**) Option "config_info" "udev:/sys/devices/pci0000:00/0000:00:14.0/usb1/1-7/1-7:1.3/0003:1038:1618.0004/input/input19/event19"
[  1771.778] (II) XINPUT: Adding extended input device "SteelSeries SteelSeries Apex 7 TKL Consumer Control" (type: MOUSE, id 11)
[  1771.778] (**) Option "AccelerationScheme" "none"
[  1771.778] (**) SteelSeries SteelSeries Apex 7 TKL Consumer Control: (accel) selected scheme none/0
[  1771.778] (**) SteelSeries SteelSeries Apex 7 TKL Consumer Control: (accel) acceleration factor: 2.000
[  1771.778] (**) SteelSeries SteelSeries Apex 7 TKL Consumer Control: (accel) acceleration threshold: 4
[  1771.779] (II) event19 - SteelSeries SteelSeries Apex 7 TKL Consumer Control: is tagged by udev as: Keyboard
[  1771.779] (II) event19 - SteelSeries SteelSeries Apex 7 TKL Consumer Control: device is a keyboard
[  1771.779] (II) config/udev: Adding input device SteelSeries SteelSeries Apex 7 TKL Mouse (/dev/input/event20)
[  1771.779] (**) SteelSeries SteelSeries Apex 7 TKL Mouse: Applying InputClass "libinput pointer catchall"
[  1771.779] (II) Using input driver 'libinput' for 'SteelSeries SteelSeries Apex 7 TKL Mouse'
[  1771.779] (II) systemd-logind: got fd for /dev/input/event20 13:84 fd 33 paused 0
[  1771.779] (**) SteelSeries SteelSeries Apex 7 TKL Mouse: always reports core events
[  1771.779] (**) Option "Device" "/dev/input/event20"
[  1771.780] (II) event20 - SteelSeries SteelSeries Apex 7 TKL Mouse: is tagged by udev as: Mouse
[  1771.780] (II) event20 - SteelSeries SteelSeries Apex 7 TKL Mouse: device is a pointer
[  1771.780] (II) event20 - SteelSeries SteelSeries Apex 7 TKL Mouse: device removed
[  1771.780] (II) libinput: SteelSeries SteelSeries Apex 7 TKL Mouse: Step value 0 was provided, libinput Fallback acceleration function is used.
[  1771.780] (II) libinput: SteelSeries SteelSeries Apex 7 TKL Mouse: Step value 0 was provided, libinput Fallback acceleration function is used.
[  1771.780] (II) libinput: SteelSeries SteelSeries Apex 7 TKL Mouse: Step value 0 was provided, libinput Fallback acceleration function is used.
[  1771.780] (**) Option "config_info" "udev:/sys/devices/pci0000:00/0000:00:14.0/usb1/1-7/1-7:1.3/0003:1038:1618.0004/input/input20/event20"
[  1771.780] (II) XINPUT: Adding extended input device "SteelSeries SteelSeries Apex 7 TKL Mouse" (type: MOUSE, id 12)
[  1771.780] (**) Option "AccelerationScheme" "none"
[  1771.780] (**) SteelSeries SteelSeries Apex 7 TKL Mouse: (accel) selected scheme none/0
[  1771.780] (**) SteelSeries SteelSeries Apex 7 TKL Mouse: (accel) acceleration factor: 2.000
[  1771.780] (**) SteelSeries SteelSeries Apex 7 TKL Mouse: (accel) acceleration threshold: 4
[  1771.780] (II) event20 - SteelSeries SteelSeries Apex 7 TKL Mouse: is tagged by udev as: Mouse
[  1771.781] (II) event20 - SteelSeries SteelSeries Apex 7 TKL Mouse: device is a pointer
[  1771.781] (II) config/udev: Adding input device SteelSeries SteelSeries Apex 7 TKL Mouse (/dev/input/mouse0)
[  1771.781] (II) No input driver specified, ignoring this device.
[  1771.781] (II) This device may have been added with another device file.
[  1771.781] (II) config/udev: Adding input device SteelSeries SteelSeries Prime+ (/dev/input/event21)
[  1771.781] (**) SteelSeries SteelSeries Prime+: Applying InputClass "libinput pointer catchall"
[  1771.781] (II) Using input driver 'libinput' for 'SteelSeries SteelSeries Prime+'
[  1771.837] (II) systemd-logind: got fd for /dev/input/event21 13:85 fd 34 paused 0
[  1771.837] (**) SteelSeries SteelSeries Prime+: always reports core events
[  1771.837] (**) Option "Device" "/dev/input/event21"
[  1771.839] (II) event21 - SteelSeries SteelSeries Prime+: is tagged by udev as: Mouse
[  1771.839] (II) event21 - SteelSeries SteelSeries Prime+: device is a pointer
[  1771.840] (II) event21 - SteelSeries SteelSeries Prime+: device removed
[  1771.840] (II) libinput: SteelSeries SteelSeries Prime+: Step value 0 was provided, libinput Fallback acceleration function is used.
[  1771.840] (II) libinput: SteelSeries SteelSeries Prime+: Step value 0 was provided, libinput Fallback acceleration function is used.
[  1771.840] (II) libinput: SteelSeries SteelSeries Prime+: Step value 0 was provided, libinput Fallback acceleration function is used.
[  1771.840] (**) Option "config_info" "udev:/sys/devices/pci0000:00/0000:00:14.0/usb1/1-8/1-8:1.1/0003:1038:182C.0007/input/input21/event21"
[  1771.840] (II) XINPUT: Adding extended input device "SteelSeries SteelSeries Prime+" (type: MOUSE, id 13)
[  1771.840] (**) Option "AccelerationScheme" "none"
[  1771.840] (**) SteelSeries SteelSeries Prime+: (accel) selected scheme none/0
[  1771.840] (**) SteelSeries SteelSeries Prime+: (accel) acceleration factor: 2.000
[  1771.840] (**) SteelSeries SteelSeries Prime+: (accel) acceleration threshold: 4
[  1771.842] (II) event21 - SteelSeries SteelSeries Prime+: is tagged by udev as: Mouse
[  1771.842] (II) event21 - SteelSeries SteelSeries Prime+: device is a pointer
[  1771.843] (II) config/udev: Adding input device SteelSeries SteelSeries Prime+ (/dev/input/mouse1)
[  1771.844] (II) No input driver specified, ignoring this device.
[  1771.844] (II) This device may have been added with another device file.
[  1771.845] (II) config/udev: Adding input device SteelSeries SteelSeries Prime+ Keyboard (/dev/input/event22)
[  1771.845] (**) SteelSeries SteelSeries Prime+ Keyboard: Applying InputClass "libinput keyboard catchall"
[  1771.845] (**) SteelSeries SteelSeries Prime+ Keyboard: Applying InputClass "system-keyboard"
[  1771.845] (II) Using input driver 'libinput' for 'SteelSeries SteelSeries Prime+ Keyboard'
[  1771.846] (II) systemd-logind: got fd for /dev/input/event22 13:86 fd 35 paused 0
[  1771.846] (**) SteelSeries SteelSeries Prime+ Keyboard: always reports core events
[  1771.846] (**) Option "Device" "/dev/input/event22"
[  1771.848] (II) event22 - SteelSeries SteelSeries Prime+ Keyboard: is tagged by udev as: Keyboard
[  1771.848] (II) event22 - SteelSeries SteelSeries Prime+ Keyboard: device is a keyboard
[  1771.848] (II) event22 - SteelSeries SteelSeries Prime+ Keyboard: device removed
[  1771.848] (II) libinput: SteelSeries SteelSeries Prime+ Keyboard: needs a virtual subdevice
[  1771.849] (**) Option "config_info" "udev:/sys/devices/pci0000:00/0000:00:14.0/usb1/1-8/1-8:1.3/0003:1038:182C.0009/input/input22/event22"
[  1771.849] (II) XINPUT: Adding extended input device "SteelSeries SteelSeries Prime+ Keyboard" (type: MOUSE, id 14)
[  1771.849] (**) Option "AccelerationScheme" "none"
[  1771.849] (**) SteelSeries SteelSeries Prime+ Keyboard: (accel) selected scheme none/0
[  1771.849] (**) SteelSeries SteelSeries Prime+ Keyboard: (accel) acceleration factor: 2.000
[  1771.849] (**) SteelSeries SteelSeries Prime+ Keyboard: (accel) acceleration threshold: 4
[  1771.851] (II) event22 - SteelSeries SteelSeries Prime+ Keyboard: is tagged by udev as: Keyboard
[  1771.851] (II) event22 - SteelSeries SteelSeries Prime+ Keyboard: device is a keyboard
[  1771.852] (II) config/udev: Adding input device Corsair CORSAIR HS80 RGB Wireless Gaming Receiver (/dev/input/event23)
[  1771.852] (**) Corsair CORSAIR HS80 RGB Wireless Gaming Receiver: Applying InputClass "libinput keyboard catchall"
[  1771.852] (**) Corsair CORSAIR HS80 RGB Wireless Gaming Receiver: Applying InputClass "system-keyboard"
[  1771.852] (II) Using input driver 'libinput' for 'Corsair CORSAIR HS80 RGB Wireless Gaming Receiver'
[  1771.853] (II) systemd-logind: got fd for /dev/input/event23 13:87 fd 36 paused 0
[  1771.853] (**) Corsair CORSAIR HS80 RGB Wireless Gaming Receiver: always reports core events
[  1771.853] (**) Option "Device" "/dev/input/event23"
[  1771.855] (II) event23 - Corsair CORSAIR HS80 RGB Wireless Gaming Receiver: is tagged by udev as: Keyboard
[  1771.855] (II) event23 - Corsair CORSAIR HS80 RGB Wireless Gaming Receiver: device is a keyboard
[  1771.855] (II) event23 - Corsair CORSAIR HS80 RGB Wireless Gaming Receiver: device removed
[  1771.855] (**) Option "config_info" "udev:/sys/devices/pci0000:00/0000:00:14.0/usb1/1-9/1-9:1.3/0003:1B1C:0A73.000A/input/input23/event23"
[  1771.855] (II) XINPUT: Adding extended input device "Corsair CORSAIR HS80 RGB Wireless Gaming Receiver" (type: KEYBOARD, id 15)
[  1771.855] (**) Option "xkb_model" "pc105+inet"
[  1771.855] (**) Option "xkb_layout" "us"
[  1771.855] (**) Option "xkb_options" "terminate:ctrl_alt_bksp"
[  1771.857] (II) event23 - Corsair CORSAIR HS80 RGB Wireless Gaming Receiver: is tagged by udev as: Keyboard
[  1771.857] (II) event23 - Corsair CORSAIR HS80 RGB Wireless Gaming Receiver: device is a keyboard
[  1771.858] (II) config/udev: Adding input device Corsair CORSAIR HS80 RGB Wireless Gaming Receiver Consumer Control (/dev/input/event24)
[  1771.858] (**) Corsair CORSAIR HS80 RGB Wireless Gaming Receiver Consumer Control: Applying InputClass "libinput keyboard catchall"
[  1771.858] (**) Corsair CORSAIR HS80 RGB Wireless Gaming Receiver Consumer Control: Applying InputClass "system-keyboard"
[  1771.858] (II) Using input driver 'libinput' for 'Corsair CORSAIR HS80 RGB Wireless Gaming Receiver Consumer Control'
[  1771.858] (II) systemd-logind: got fd for /dev/input/event24 13:88 fd 37 paused 0
[  1771.858] (**) Corsair CORSAIR HS80 RGB Wireless Gaming Receiver Consumer Control: always reports core events
[  1771.858] (**) Option "Device" "/dev/input/event24"
[  1771.859] (II) event24 - Corsair CORSAIR HS80 RGB Wireless Gaming Receiver Consumer Control: is tagged by udev as: Keyboard
[  1771.859] (II) event24 - Corsair CORSAIR HS80 RGB Wireless Gaming Receiver Consumer Control: device is a keyboard
[  1771.859] (II) event24 - Corsair CORSAIR HS80 RGB Wireless Gaming Receiver Consumer Control: device removed
[  1771.860] (II) libinput: Corsair CORSAIR HS80 RGB Wireless Gaming Receiver Consumer Control: needs a virtual subdevice
[  1771.860] (**) Option "config_info" "udev:/sys/devices/pci0000:00/0000:00:14.0/usb1/1-9/1-9:1.3/0003:1B1C:0A73.000A/input/input24/event24"
[  1771.860] (II) XINPUT: Adding extended input device "Corsair CORSAIR HS80 RGB Wireless Gaming Receiver Consumer Control" (type: MOUSE, id 16)
[  1771.860] (**) Option "AccelerationScheme" "none"
[  1771.860] (**) Corsair CORSAIR HS80 RGB Wireless Gaming Receiver Consumer Control: (accel) selected scheme none/0
[  1771.860] (**) Corsair CORSAIR HS80 RGB Wireless Gaming Receiver Consumer Control: (accel) acceleration factor: 2.000
[  1771.860] (**) Corsair CORSAIR HS80 RGB Wireless Gaming Receiver Consumer Control: (accel) acceleration threshold: 4
[  1771.861] (II) event24 - Corsair CORSAIR HS80 RGB Wireless Gaming Receiver Consumer Control: is tagged by udev as: Keyboard
[  1771.861] (II) event24 - Corsair CORSAIR HS80 RGB Wireless Gaming Receiver Consumer Control: device is a keyboard
[  1771.861] (II) config/udev: Adding input device Corsair CORSAIR HS80 RGB Wireless Gaming Receiver (/dev/input/event25)
[  1771.861] (II) No input driver specified, ignoring this device.
[  1771.861] (II) This device may have been added with another device file.
[  1771.862] (II) config/udev: Adding input device Corsair CORSAIR HS80 RGB Wireless Gaming Receiver (/dev/input/event26)
[  1771.862] (II) No input driver specified, ignoring this device.
[  1771.862] (II) This device may have been added with another device file.
[  1771.862] (II) config/udev: Adding input device Corsair CORSAIR HS80 RGB Wireless Gaming Receiver (/dev/input/event27)
[  1771.862] (II) No input driver specified, ignoring this device.
[  1771.862] (II) This device may have been added with another device file.
[  1771.862] (II) config/udev: Adding input device HDA Intel PCH Rear Mic (/dev/input/event10)
[  1771.862] (II) No input driver specified, ignoring this device.
[  1771.862] (II) This device may have been added with another device file.
[  1771.862] (II) config/udev: Adding input device HDA Intel PCH Line (/dev/input/event11)
[  1771.862] (II) No input driver specified, ignoring this device.
[  1771.862] (II) This device may have been added with another device file.
[  1771.862] (II) config/udev: Adding input device HDA Intel PCH Line Out Front (/dev/input/event12)
[  1771.862] (II) No input driver specified, ignoring this device.
[  1771.862] (II) This device may have been added with another device file.
[  1771.863] (II) config/udev: Adding input device HDA Intel PCH Line Out Surround (/dev/input/event13)
[  1771.863] (II) No input driver specified, ignoring this device.
[  1771.863] (II) This device may have been added with another device file.
[  1771.863] (II) config/udev: Adding input device HDA Intel PCH Line Out CLFE (/dev/input/event14)
[  1771.863] (II) No input driver specified, ignoring this device.
[  1771.863] (II) This device may have been added with another device file.
[  1771.863] (II) config/udev: Adding input device HDA Intel PCH Line Out Side (/dev/input/event15)
[  1771.863] (II) No input driver specified, ignoring this device.
[  1771.863] (II) This device may have been added with another device file.
[  1771.863] (II) config/udev: Adding input device HDA Intel PCH Front Headphone (/dev/input/event16)
[  1771.863] (II) No input driver specified, ignoring this device.
[  1771.863] (II) This device may have been added with another device file.
[  1771.863] (II) config/udev: Adding input device HDA Intel PCH Front Mic (/dev/input/event9)
[  1771.863] (II) No input driver specified, ignoring this device.
[  1771.863] (II) This device may have been added with another device file.
[  1771.864] (II) config/udev: Adding input device Dell WMI hotkeys (/dev/input/event4)
[  1771.864] (**) Dell WMI hotkeys: Applying InputClass "libinput keyboard catchall"
[  1771.864] (**) Dell WMI hotkeys: Applying InputClass "system-keyboard"
[  1771.864] (II) Using input driver 'libinput' for 'Dell WMI hotkeys'
[  1771.864] (II) systemd-logind: got fd for /dev/input/event4 13:68 fd 38 paused 0
[  1771.864] (**) Dell WMI hotkeys: always reports core events
[  1771.864] (**) Option "Device" "/dev/input/event4"
[  1771.864] (II) event4  - Dell WMI hotkeys: is tagged by udev as: Keyboard
[  1771.864] (II) event4  - Dell WMI hotkeys: device is a keyboard
[  1771.865] (II) event4  - Dell WMI hotkeys: device removed
[  1771.865] (**) Option "config_info" "udev:/sys/devices/platform/PNP0C14:04/wmi_bus/wmi_bus-PNP0C14:04/9DBB5994-A997-11DA-B012-B622A1EF5492/input/input4/event4"
[  1771.865] (II) XINPUT: Adding extended input device "Dell WMI hotkeys" (type: KEYBOARD, id 17)
[  1771.865] (**) Option "xkb_model" "pc105+inet"
[  1771.865] (**) Option "xkb_layout" "us"
[  1771.865] (**) Option "xkb_options" "terminate:ctrl_alt_bksp"
[  1771.865] (II) event4  - Dell WMI hotkeys: is tagged by udev as: Keyboard
[  1771.865] (II) event4  - Dell WMI hotkeys: device is a keyboard
[  1771.865] (II) config/udev: Adding input device PC Speaker (/dev/input/event3)
[  1771.865] (II) No input driver specified, ignoring this device.
[  1771.865] (II) This device may have been added with another device file.
[  1771.868] (**) SteelSeries SteelSeries Apex 7 TKL Consumer Control: Applying InputClass "libinput keyboard catchall"
[  1771.868] (**) SteelSeries SteelSeries Apex 7 TKL Consumer Control: Applying InputClass "system-keyboard"
[  1771.868] (II) Using input driver 'libinput' for 'SteelSeries SteelSeries Apex 7 TKL Consumer Control'
[  1771.868] (II) systemd-logind: returning pre-existing fd for /dev/input/event19 13:83
[  1771.868] (**) SteelSeries SteelSeries Apex 7 TKL Consumer Control: always reports core events
[  1771.868] (**) Option "Device" "/dev/input/event19"
[  1771.868] (II) libinput: SteelSeries SteelSeries Apex 7 TKL Consumer Control: is a virtual subdevice
[  1771.868] (**) Option "config_info" "udev:/sys/devices/pci0000:00/0000:00:14.0/usb1/1-7/1-7:1.3/0003:1038:1618.0004/input/input19/event19"
[  1771.868] (II) XINPUT: Adding extended input device "SteelSeries SteelSeries Apex 7 TKL Consumer Control" (type: KEYBOARD, id 18)
[  1771.868] (**) Option "xkb_model" "pc105+inet"
[  1771.868] (**) Option "xkb_layout" "us"
[  1771.868] (**) Option "xkb_options" "terminate:ctrl_alt_bksp"
[  1771.868] (**) SteelSeries SteelSeries Prime+ Keyboard: Applying InputClass "libinput keyboard catchall"
[  1771.868] (**) SteelSeries SteelSeries Prime+ Keyboard: Applying InputClass "system-keyboard"
[  1771.868] (II) Using input driver 'libinput' for 'SteelSeries SteelSeries Prime+ Keyboard'
[  1771.868] (II) systemd-logind: returning pre-existing fd for /dev/input/event22 13:86
[  1771.868] (**) SteelSeries SteelSeries Prime+ Keyboard: always reports core events
[  1771.868] (**) Option "Device" "/dev/input/event22"
[  1771.868] (II) libinput: SteelSeries SteelSeries Prime+ Keyboard: is a virtual subdevice
[  1771.868] (**) Option "config_info" "udev:/sys/devices/pci0000:00/0000:00:14.0/usb1/1-8/1-8:1.3/0003:1038:182C.0009/input/input22/event22"
[  1771.868] (II) XINPUT: Adding extended input device "SteelSeries SteelSeries Prime+ Keyboard" (type: KEYBOARD, id 19)
[  1771.868] (**) Option "xkb_model" "pc105+inet"
[  1771.868] (**) Option "xkb_layout" "us"
[  1771.868] (**) Option "xkb_options" "terminate:ctrl_alt_bksp"
[  1771.868] (**) Corsair CORSAIR HS80 RGB Wireless Gaming Receiver Consumer Control: Applying InputClass "libinput keyboard catchall"
[  1771.868] (**) Corsair CORSAIR HS80 RGB Wireless Gaming Receiver Consumer Control: Applying InputClass "system-keyboard"
[  1771.868] (II) Using input driver 'libinput' for 'Corsair CORSAIR HS80 RGB Wireless Gaming Receiver Consumer Control'
[  1771.868] (II) systemd-logind: returning pre-existing fd for /dev/input/event24 13:88
[  1771.868] (**) Corsair CORSAIR HS80 RGB Wireless Gaming Receiver Consumer Control: always reports core events
[  1771.868] (**) Option "Device" "/dev/input/event24"
[  1771.868] (II) libinput: Corsair CORSAIR HS80 RGB Wireless Gaming Receiver Consumer Control: is a virtual subdevice
[  1771.868] (**) Option "config_info" "udev:/sys/devices/pci0000:00/0000:00:14.0/usb1/1-9/1-9:1.3/0003:1B1C:0A73.000A/input/input24/event24"
[  1771.868] (II) XINPUT: Adding extended input device "Corsair CORSAIR HS80 RGB Wireless Gaming Receiver Consumer Control" (type: KEYBOARD, id 20)
[  1771.868] (**) Option "xkb_model" "pc105+inet"
[  1771.868] (**) Option "xkb_layout" "us"
[  1771.868] (**) Option "xkb_options" "terminate:ctrl_alt_bksp"
[  1772.613] (II) modeset(0): EDID vendor "DEL", prod id 41326
[  1772.613] (II) modeset(0): Using EDID range info for horizontal sync
[  1772.613] (II) modeset(0): Using EDID range info for vertical refresh
[  1772.613] (II) modeset(0): Printing DDC gathered Modelines:
[  1772.613] (II) modeset(0): Modeline "1920x1080"x0.0  148.50  1920 2008 2052 2200  1080 1084 1089 1125 +hsync +vsync (67.5 kHz eP)
[  1772.613] (II) modeset(0): Modeline "1920x1080"x0.0  285.50  1920 1968 2000 2080  1080 1083 1088 1144 +hsync -vsync (137.3 kHz e)
[  1772.613] (II) modeset(0): Modeline "1920x1080"x0.0  337.52  1920 1968 2000 2080  1080 1083 1088 1128 +hsync -vsync (162.3 kHz e)
[  1772.613] (II) modeset(0): Modeline "1920x1080i"x0.0   74.25  1920 2008 2052 2200  1080 1084 1094 1125 interlace +hsync +vsync (33.8 kHz e)
[  1772.613] (II) modeset(0): Modeline "1280x720"x0.0   74.25  1280 1390 1430 1650  720 725 730 750 +hsync +vsync (45.0 kHz e)
[  1772.613] (II) modeset(0): Modeline "720x480"x0.0   27.00  720 736 798 858  480 489 495 525 -hsync -vsync (31.5 kHz e)
[  1772.613] (II) modeset(0): Modeline "1440x480i"x0.0   27.00  1440 1478 1602 1716  480 488 494 525 interlace -hsync -vsync (15.7 kHz e)
[  1772.613] (II) modeset(0): Modeline "1440x576i"x0.0   27.00  1440 1464 1590 1728  576 580 586 625 interlace -hsync -vsync (15.6 kHz e)
[  1772.613] (II) modeset(0): Modeline "640x480"x0.0   25.18  640 656 752 800  480 490 492 525 -hsync -vsync (31.5 kHz e)
[  1772.613] (II) modeset(0): Modeline "1920x1080i"x0.0   74.25  1920 2448 2492 2640  1080 1084 1094 1125 interlace +hsync +vsync (28.1 kHz e)
[  1772.613] (II) modeset(0): Modeline "1920x1080"x0.0  148.50  1920 2448 2492 2640  1080 1084 1089 1125 +hsync +vsync (56.2 kHz e)
[  1772.613] (II) modeset(0): Modeline "720x576"x0.0   27.00  720 732 796 864  576 581 586 625 -hsync -vsync (31.2 kHz e)
[  1772.613] (II) modeset(0): Modeline "1280x720"x0.0   74.25  1280 1720 1760 1980  720 725 730 750 +hsync +vsync (37.5 kHz e)
[  1772.613] (II) modeset(0): Modeline "1920x1080"x0.0  297.00  1920 2008 2052 2200  1080 1084 1089 1125 +hsync +vsync (135.0 kHz e)
[  1772.613] (II) modeset(0): Modeline "1920x1080"x0.0  297.00  1920 2448 2492 2640  1080 1084 1094 1125 +hsync +vsync (112.5 kHz e)
[  1772.613] (II) modeset(0): Modeline "800x600"x0.0   40.00  800 840 968 1056  600 601 605 628 +hsync +vsync (37.9 kHz e)
[  1772.613] (II) modeset(0): Modeline "640x480"x0.0   31.50  640 656 720 840  480 481 484 500 -hsync -vsync (37.5 kHz e)
[  1772.613] (II) modeset(0): Modeline "720x400"x0.0   28.32  720 738 846 900  400 412 414 449 -hsync +vsync (31.5 kHz e)
[  1772.613] (II) modeset(0): Modeline "1280x1024"x0.0  135.00  1280 1296 1440 1688  1024 1025 1028 1066 +hsync +vsync (80.0 kHz e)
[  1772.613] (II) modeset(0): Modeline "1024x768"x0.0   78.75  1024 1040 1136 1312  768 769 772 800 +hsync +vsync (60.0 kHz e)
[  1772.613] (II) modeset(0): Modeline "1024x768"x0.0   65.00  1024 1048 1184 1344  768 771 777 806 -hsync -vsync (48.4 kHz e)
[  1772.613] (II) modeset(0): Modeline "800x600"x0.0   49.50  800 816 896 1056  600 601 604 625 +hsync +vsync (46.9 kHz e)
[  1772.613] (II) modeset(0): Modeline "1152x864"x0.0  108.00  1152 1216 1344 1600  864 865 868 900 +hsync +vsync (67.5 kHz e)
[  1772.613] (II) modeset(0): Modeline "1280x1024"x0.0  108.00  1280 1328 1440 1688  1024 1025 1028 1066 +hsync +vsync (64.0 kHz e)
[  1772.613] (II) modeset(0): Modeline "(null)"x59.9  118.25  1600 1696 1856 2112  900 903 908 934 -hsync +vsync (56.0 kHz e)
[  1772.646] (II) modeset(0): Disabling kernel dirty updates, not required.
[  1787.913] (EE) event21 - SteelSeries SteelSeries Prime+: client bug: event processing lagging behind by 21ms, your system is too slow
[  1801.429] (EE) event21 - SteelSeries SteelSeries Prime+: client bug: event processing lagging behind by 27ms, your system is too slow
[  1801.846] (EE) event21 - SteelSeries SteelSeries Prime+: client bug: event processing lagging behind by 29ms, your system is too slow
[  1804.463] (EE) event21 - SteelSeries SteelSeries Prime+: client bug: event processing lagging behind by 30ms, your system is too slow
[  1814.263] (EE) event21 - SteelSeries SteelSeries Prime+: client bug: event processing lagging behind by 30ms, your system is too slow
[  1814.263] (EE) event21 - SteelSeries SteelSeries Prime+: WARNING: log rate limit exceeded (5 msgs per 60min). Discarding future messages.
[  2343.811] (II) event21 - SteelSeries SteelSeries Prime+: SYN_DROPPED event - some input events have been lost.
[  2506.044] (II) event21 - SteelSeries SteelSeries Prime+: SYN_DROPPED event - some input events have been lost.
[  2770.858] (II) event21 - SteelSeries SteelSeries Prime+: SYN_DROPPED event - some input events have been lost.
[  2907.389] (II) event21 - SteelSeries SteelSeries Prime+: SYN_DROPPED event - some input events have been lost.
[  3025.037] (II) event21 - SteelSeries SteelSeries Prime+: SYN_DROPPED event - some input events have been lost.
[  3025.087] (II) event21 - SteelSeries SteelSeries Prime+: SYN_DROPPED event - some input events have been lost.
[  3253.834] (II) event21 - SteelSeries SteelSeries Prime+: SYN_DROPPED event - some input events have been lost.
[  3390.783] (II) event21 - SteelSeries SteelSeries Prime+: SYN_DROPPED event - some input events have been lost.
[  4162.180] (II) event21 - SteelSeries SteelSeries Prime+: SYN_DROPPED event - some input events have been lost.
[  4162.296] (II) event21 - SteelSeries SteelSeries Prime+: SYN_DROPPED event - some input events have been lost.
[  4162.647] (II) event21 - SteelSeries SteelSeries Prime+: SYN_DROPPED event - some input events have been lost.
[  4162.763] (II) event21 - SteelSeries SteelSeries Prime+: SYN_DROPPED event - some input events have been lost.
[  4188.796] (II) event21 - SteelSeries SteelSeries Prime+: SYN_DROPPED event - some input events have been lost.
[  4188.796] (II) event21 - SteelSeries SteelSeries Prime+: WARNING: log rate limit exceeded (5 msgs per 30s). Discarding future messages.
[  4698.995] (II) event21 - SteelSeries SteelSeries Prime+: SYN_DROPPED event - some input events have been lost.
[  5072.050] (II) event21 - SteelSeries SteelSeries Prime+: SYN_DROPPED event - some input events have been lost.
[  5072.366] (II) event21 - SteelSeries SteelSeries Prime+: SYN_DROPPED event - some input events have been lost.
[  5074.316] (II) event21 - SteelSeries SteelSeries Prime+: SYN_DROPPED event - some input events have been lost.
[  5089.566] (II) event21 - SteelSeries SteelSeries Prime+: SYN_DROPPED event - some input events have been lost.
[  5113.949] (II) event21 - SteelSeries SteelSeries Prime+: SYN_DROPPED event - some input events have been lost.
[  5392.460] (EE) event21 - SteelSeries SteelSeries Prime+: client bug: event processing lagging behind by 30ms, your system is too slow
[  5502.559] (EE) event21 - SteelSeries SteelSeries Prime+: client bug: event processing lagging behind by 46ms, your system is too slow
[  5502.625] (II) event21 - SteelSeries SteelSeries Prime+: SYN_DROPPED event - some input events have been lost.
[  5503.642] (EE) event21 - SteelSeries SteelSeries Prime+: client bug: event processing lagging behind by 36ms, your system is too slow
[  5503.876] (EE) event21 - SteelSeries SteelSeries Prime+: client bug: event processing lagging behind by 32ms, your system is too slow
[  5504.025] (II) event21 - SteelSeries SteelSeries Prime+: SYN_DROPPED event - some input events have been lost.
[  5504.142] (EE) event21 - SteelSeries SteelSeries Prime+: client bug: event processing lagging behind by 58ms, your system is too slow
[  5504.142] (EE) event21 - SteelSeries SteelSeries Prime+: WARNING: log rate limit exceeded (5 msgs per 60min). Discarding future messages.
[  5504.658] (II) event21 - SteelSeries SteelSeries Prime+: SYN_DROPPED event - some input events have been lost.
[  5655.723] (II) event21 - SteelSeries SteelSeries Prime+: SYN_DROPPED event - some input events have been lost.
[  5655.773] (II) event21 - SteelSeries SteelSeries Prime+: SYN_DROPPED event - some input events have been lost.
[  5656.690] (II) event21 - SteelSeries SteelSeries Prime+: SYN_DROPPED event - some input events have been lost.
